<?xml version="1.0" encoding="UTF-8"?>
<testsuite name="LibroTest" tests="1" skipped="0" failures="0" errors="0" timestamp="2025-03-05T19:05:34" hostname="DESKTOP-RCANN02" time="0.027">
  <properties/>
  <testcase name="testConstructor()" classname="LibroTest" time="0.027"/>
  <system-out><![CDATA[]]></system-out>
  <system-err><![CDATA[]]></system-err>
</testsuite>
